[Thu, 23 Apr 15 00:29:59 +0200][DEBUG] C:\xampp\htdocs\webapps\sbs\classes\SPS_Dispatcher.php    $request = trim  /index/sdgs/asf/asdfas/afsdfdsf
[Thu, 23 Apr 15 00:29:59 +0200][DEBUG] Request wurde analysiert
[Thu, 23 Apr 15 00:29:59 +0200][DEBUG] Controller Path :C:\xampp\htdocs\webapps\sbs\app\modules\index\controllers\sdgs
[Thu, 23 Apr 15 00:29:59 +0200][DEBUG] In C:\xampp\htdocs\webapps\sbs\classes\SPS_Dispatcher.php on 36 if  not is_file : C:\xampp\htdocs\webapps\sbs\app\modules\index\controllers\sdgs.php
[Thu, 23 Apr 15 00:30:53 +0200][DEBUG] C:\xampp\htdocs\webapps\sbs\classes\SPS_Dispatcher.php    $request = trim  /index/sdgs/asf/asdfas/afsdfdsf
[Thu, 23 Apr 15 00:30:53 +0200][DEBUG] Request wurde analysiert
[Thu, 23 Apr 15 00:30:53 +0200][DEBUG] Controller Path :C:\xampp\htdocs\webapps\sbs\app\modules\index\controllers\sdgs
[Thu, 23 Apr 15 00:30:53 +0200][DEBUG] In C:\xampp\htdocs\webapps\sbs\classes\SPS_Dispatcher.php on 36 if  not is_file : C:\xampp\htdocs\webapps\sbs\app\modules\index\controllers\sdgs.php
[Sat, 25 Apr 15 22:43:49 +0200][DEBUG] C:\xampp\htdocs\webapps\sbs\classes\SPS_Dispatcher.php      if (empty($this->request))           
[Sat, 25 Apr 15 22:43:49 +0200][DEBUG] C:\xampp\htdocs\webapps\sbs\classes\SPS_Dispatcher.php  $this->moduleName  index
[Sat, 25 Apr 15 22:43:49 +0200][DEBUG] C:\xampp\htdocs\webapps\sbs\classes\SPS_Dispatcher.php     $this->controllerName    index
[Sat, 25 Apr 15 22:43:49 +0200][DEBUG] C:\xampp\htdocs\webapps\sbs\classes\SPS_Dispatcher.php     $this->actionName   index
[Sat, 25 Apr 15 22:43:49 +0200][DEBUG] Request wurde analysiert
[Sat, 25 Apr 15 22:43:49 +0200][DEBUG] Controller Path :C:\xampp\htdocs\webapps\sbs\app\modules\index\controllers\index
[Sat, 25 Apr 15 22:43:49 +0200][DEBUG]  include : C:\xampp\htdocs\webapps\sbs\app\modules\index\controllers\index.php
[Sat, 25 Apr 15 22:43:49 +0200][DEBUG]  new controller : index
[Sat, 25 Apr 15 22:43:49 +0200][DEBUG]  new View : 
[Sat, 25 Apr 15 22:43:49 +0200][DEBUG]  themesFile : C:\xampp\htdocs\webapps\sbs\app\themes\index.php
[Sat, 25 Apr 15 22:43:49 +0200][DEBUG]  $layoutFile : C:\xampp\htdocs\webapps\sbs\app\modules\index\layouts\index.php
[Sat, 25 Apr 15 22:43:49 +0200][DEBUG]  $viewFile : C:\xampp\htdocs\webapps\sbs\app\modules\index\views\index\index.php
[Sat, 25 Apr 15 22:43:49 +0200][DEBUG]  $view->setThemesFile($themesFile) : 
[Sat, 25 Apr 15 22:43:49 +0200][DEBUG]     $view->setLayoutFile($layoutFile);  
[Sat, 25 Apr 15 22:43:49 +0200][DEBUG]    $view->setViewFile($viewFile);  
[Sat, 25 Apr 15 22:43:49 +0200][DEBUG] test asdfasdf asdfj
[Sat, 25 Apr 15 22:43:49 +0200][DEBUG]   Controller acton wurde ausgeführt:  $controller->$action();  
[Sat, 25 Apr 15 22:43:58 +0200][DEBUG] C:\xampp\htdocs\webapps\sbs\classes\SPS_Dispatcher.php      if (empty($this->request))           
[Sat, 25 Apr 15 22:43:58 +0200][DEBUG] C:\xampp\htdocs\webapps\sbs\classes\SPS_Dispatcher.php  $this->moduleName  index
[Sat, 25 Apr 15 22:43:58 +0200][DEBUG] C:\xampp\htdocs\webapps\sbs\classes\SPS_Dispatcher.php     $this->controllerName    index
[Sat, 25 Apr 15 22:43:58 +0200][DEBUG] C:\xampp\htdocs\webapps\sbs\classes\SPS_Dispatcher.php     $this->actionName   index
[Sat, 25 Apr 15 22:43:58 +0200][DEBUG] Request wurde analysiert
[Sat, 25 Apr 15 22:43:58 +0200][DEBUG] Controller Path :C:\xampp\htdocs\webapps\sbs\app\modules\index\controllers\index
[Sat, 25 Apr 15 22:43:58 +0200][DEBUG]  include : C:\xampp\htdocs\webapps\sbs\app\modules\index\controllers\index.php
[Sat, 25 Apr 15 22:43:58 +0200][DEBUG]  new controller : index
[Sat, 25 Apr 15 22:43:58 +0200][DEBUG]  new View : 
[Sat, 25 Apr 15 22:43:58 +0200][DEBUG]  themesFile : C:\xampp\htdocs\webapps\sbs\app\themes\index.php
[Sat, 25 Apr 15 22:43:58 +0200][DEBUG]  $layoutFile : C:\xampp\htdocs\webapps\sbs\app\modules\index\layouts\index.php
[Sat, 25 Apr 15 22:43:58 +0200][DEBUG]  $viewFile : C:\xampp\htdocs\webapps\sbs\app\modules\index\views\index\index.php
[Sat, 25 Apr 15 22:43:58 +0200][DEBUG]  $view->setThemesFile($themesFile) : 
[Sat, 25 Apr 15 22:43:58 +0200][DEBUG]     $view->setLayoutFile($layoutFile);  
[Sat, 25 Apr 15 22:43:58 +0200][DEBUG]    $view->setViewFile($viewFile);  
[Sat, 25 Apr 15 22:43:58 +0200][DEBUG] test asdfasdf asdfj
[Sat, 25 Apr 15 22:43:58 +0200][DEBUG]   Controller acton wurde ausgeführt:  $controller->$action();  
